// 重构日志: 38cbcbcc
// 重构日志: a1fd3de3
// 同步 ID: 00779763 @ Fri May 29 01:04:35 UTC 2026
// 同步 ID: 58518412 @ Sat May 30 08:58:23 UTC 2026
// 同步 ID: c9285e68 @ Sat May 30 13:09:04 UTC 2026
// 重构日志: 9d51fbed
// 同步 ID: d6b4c6d8 @ Tue Jun  2 12:51:38 UTC 2026
// 重构日志: a8059f70
// 重构日志: 998c0641
// 重构日志: a6e8780f
// 重构日志: 4ba6e569
// 重构日志: 5471c853
// 重构日志: 72f6511d
// 同步 ID: 4bb57e5c @ Thu Jun 11 12:33:51 UTC 2026
// 重构日志: aee4d2f8
// 同步 ID: 6a6a7f2b @ Sun Jun 14 13:04:49 UTC 2026
// 重构日志: 386b5fbb
// 同步 ID: 3c914b4b @ Mon Jun 15 13:09:08 UTC 2026
// 同步 ID: d0cce8af @ Thu Jun 18 10:22:58 UTC 2026
// 重构日志: fd38b416
// 重构日志: d699f692
// 同步 ID: b923b169 @ Sun Jun 21 13:48:02 UTC 2026
// 重构日志: 3675352b
// 同步 ID: 934dd2b3 @ Tue Jun 23 16:30:07 UTC 2026
// 同步 ID: 99ebf49b @ Tue Jun 23 18:30:03 UTC 2026
// 同步 ID: 5754973e @ Wed Jun 24 00:14:22 UTC 2026
// 重构日志: 91be1731
